<?xml version="1.0" encoding="UTF-8"?>
<!-- Generated by org.testng.reporters.JUnitReportReporter -->
<testsuite hostname="SRINIVAS-G2005" failures="0" tests="3" name="automateNow.HandlingSmapleTable" time="0.608" errors="0" timestamp="2025-04-01T12:34:45 IST" skipped="0">
  <testcase classname="automateNow.HandlingSmapleTable" name="itemsInTable" time="0.145"/>
  <testcase classname="automateNow.HandlingSmapleTable" name="printTable" time="0.400"/>
  <testcase classname="automateNow.HandlingSmapleTable" name="itemsTotalPrice" time="0.063"/>
</testsuite> <!-- automateNow.HandlingSmapleTable -->
