<?xml version="1.0" encoding="UTF-8"?>
<!-- Generated by org.testng.reporters.JUnitReportReporter -->
<testsuite hostname="SRINIVAS-G2005" failures="0" tests="1" name="automationBlogSpot.HandlingPaginationTables" time="20.669" errors="0" timestamp="2025-03-09T21:16:05 IST" skipped="0">
  <testcase classname="automationBlogSpot.HandlingPaginationTables" name="checkThePagesClickCkeckBoxes" time="20.669"/>
</testsuite> <!-- automationBlogSpot.HandlingPaginationTables -->
