<?xml version="1.0" encoding="UTF-8"?>
<!-- Generated by org.testng.reporters.JUnitReportReporter -->
<testsuite hostname="SRINIVAS-G2005" failures="0" tests="1" name="automationBlogSpot.HandlingDynamicTable" time="0.575" errors="0" timestamp="2025-04-02T21:27:00 IST" skipped="0">
  <testcase classname="automationBlogSpot.HandlingDynamicTable" name="testMethod" time="0.575"/>
</testsuite> <!-- automationBlogSpot.HandlingDynamicTable -->
