<?xml version="1.0" encoding="UTF-8"?>
<!-- Generated by org.testng.reporters.JUnitReportReporter -->
<testsuite hostname="SRINIVAS-G2005" failures="0" tests="1" name="automateNow.HandlingPaginationTable" time="0.756" errors="0" timestamp="2025-04-02T19:04:46 IST" skipped="0">
  <testcase classname="automateNow.HandlingPaginationTable" name="allCountries" time="0.756"/>
</testsuite> <!-- automateNow.HandlingPaginationTable -->
