<?xml version="1.0" encoding="UTF-8"?>
<!-- Generated by org.testng.reporters.JUnitReportReporter -->
<testsuite hostname="SRINIVAS-G2005" failures="0" tests="4" name="automationBlogSpot.HandlingNormalTables" time="1.811" errors="0" timestamp="2025-03-09T20:59:26 IST" skipped="0">
  <testcase classname="automationBlogSpot.HandlingNormalTables" name="basicTableOperations" time="0.184"/>
  <testcase classname="automationBlogSpot.HandlingNormalTables" name="printTableData" time="1.045"/>
  <testcase classname="automationBlogSpot.HandlingNormalTables" name="getBookAuhter" time="0.322"/>
  <testcase classname="automationBlogSpot.HandlingNormalTables" name="sumOfAllBooksPrice" time="0.260"/>
</testsuite> <!-- automationBlogSpot.HandlingNormalTables -->
