<?xml version="1.0" encoding="UTF-8"?>
<!-- Generated by org.testng.reporters.JUnitReportReporter -->
<testsuite hostname="SRINIVAS-G2005" failures="0" tests="3" name="webDriverUniversity.HandlingNormalTable" time="0.389" errors="0" timestamp="2025-03-09T13:05:00 IST" skipped="0">
  <testcase classname="webDriverUniversity.HandlingNormalTable" name="readDataFromCell" time="0.144"/>
  <testcase classname="webDriverUniversity.HandlingNormalTable" name="printAllDataInTable" time="0.171"/>
  <testcase classname="webDriverUniversity.HandlingNormalTable" name="getLastNames" time="0.074"/>
</testsuite> <!-- webDriverUniversity.HandlingNormalTable -->
