<?xml version="1.0" encoding="UTF-8"?>
<!-- Generated by org.testng.reporters.JUnitReportReporter -->
<testsuite hostname="SRINIVAS-G2005" failures="0" tests="3" name="tutorialsPoint.Handling_WebTable" time="2.340" errors="0" timestamp="2025-07-02T21:00:12 IST" skipped="0">
  <testcase classname="tutorialsPoint.Handling_WebTable" name="printTotalTable" time="1.641"/>
  <testcase classname="tutorialsPoint.Handling_WebTable" name="sumOfSalary" time="0.156"/>
  <testcase classname="tutorialsPoint.Handling_WebTable" name="deleteRecords" time="0.543"/>
</testsuite> <!-- tutorialsPoint.Handling_WebTable -->
