<?xml version="1.0" encoding="UTF-8"?>
<!-- Generated by org.testng.reporters.JUnitReportReporter -->
<testsuite hostname="SRINIVAS-G2005" failures="0" tests="1" name="automationBlogSpot.HandlingDynamicTable" time="0.458" errors="0" timestamp="2025-04-03T09:14:46 IST" skipped="0">
  <testcase classname="automationBlogSpot.HandlingDynamicTable" name="firefoxMemorySize" time="0.458"/>
</testsuite> <!-- automationBlogSpot.HandlingDynamicTable -->
