<?xml version="1.0" encoding="UTF-8"?>
<!-- Generated by org.testng.reporters.JUnitReportReporter -->
<testsuite hostname="SRINIVAS-G2005" failures="0" tests="1" name="automateNow.HandlingPaginationTable" time="0.831" errors="0" timestamp="2025-04-02T21:46:11 IST" skipped="0">
  <testcase classname="automateNow.HandlingPaginationTable" name="contriesWithB" time="0.831"/>
</testsuite> <!-- automateNow.HandlingPaginationTable -->
