<?xml version="1.0" encoding="UTF-8"?>
<!-- Generated by org.testng.reporters.JUnitReportReporter -->
<testsuite hostname="SRINIVAS-G2005" failures="0" tests="1" name="automationBlogSpot.HandlingDynamicTable" time="0.450" errors="0" timestamp="2025-04-03T08:28:32 IST" skipped="0">
  <testcase classname="automationBlogSpot.HandlingDynamicTable" name="chromCPULoad" time="0.450"/>
</testsuite> <!-- automationBlogSpot.HandlingDynamicTable -->
