<?xml version="1.0" encoding="UTF-8"?>
<!-- Generated by org.testng.reporters.JUnitReportReporter -->
<testsuite hostname="SRINIVAS-G2005" failures="0" tests="4" name="automationBlogSpot.HandlingDynamicTable" time="0.561" errors="0" timestamp="2025-04-03T19:52:09 IST" skipped="0">
  <testcase classname="automationBlogSpot.HandlingDynamicTable" name="chromCPULoad" time="0.228"/>
  <testcase classname="automationBlogSpot.HandlingDynamicTable" name="firefoxMemorySize" time="0.103"/>
  <testcase classname="automationBlogSpot.HandlingDynamicTable" name="chromeNetworkSpeed" time="0.128"/>
  <testcase classname="automationBlogSpot.HandlingDynamicTable" name="firefoxDiscSpace" time="0.102"/>
</testsuite> <!-- automationBlogSpot.HandlingDynamicTable -->
