<?xml version="1.0" encoding="UTF-8"?>
<!-- Generated by org.testng.reporters.JUnitReportReporter -->
<testsuite hostname="SRINIVAS-G2005" failures="0" tests="1" name="automateNow.HandlingSmapleTable" time="0.162" errors="0" timestamp="2025-04-01T12:05:11 IST" skipped="0">
  <testcase classname="automateNow.HandlingSmapleTable" name="itemsInTable" time="0.162"/>
</testsuite> <!-- automateNow.HandlingSmapleTable -->
