<?xml version="1.0" encoding="UTF-8"?>
<!-- Generated by org.testng.reporters.JUnitReportReporter -->
<testsuite hostname="SRINIVAS-G2005" failures="0" tests="1" name="tutorialsPoint.Handling_WebTable" time="0.310" errors="0" timestamp="2025-07-02T20:51:59 IST" skipped="0">
  <testcase classname="tutorialsPoint.Handling_WebTable" name="sumOfSalary" time="0.310"/>
</testsuite> <!-- tutorialsPoint.Handling_WebTable -->
