<?xml version="1.0" encoding="UTF-8"?>
<!-- Generated by org.testng.reporters.JUnitReportReporter -->
<testsuite hostname="SRINIVAS-G2005" failures="0" tests="1" name="webDriverUniversity.HandlingMultipleTables" time="0.847" errors="0" timestamp="2025-03-09T16:51:42 IST" skipped="0">
  <testcase classname="webDriverUniversity.HandlingMultipleTables" name="namesWithLetter_J" time="0.847"/>
</testsuite> <!-- webDriverUniversity.HandlingMultipleTables -->
