<?xml version="1.0" encoding="UTF-8"?>
<!-- Generated by org.testng.reporters.JUnitReportReporter -->
<testsuite hostname="SRINIVAS-G2005" failures="0" tests="1" name="automationBlogSpot.HandlingDynamicTable" time="0.164" errors="0" timestamp="2025-04-03T19:37:30 IST" skipped="0">
  <testcase classname="automationBlogSpot.HandlingDynamicTable" name="chromeNetworkSpeed" time="0.164"/>
</testsuite> <!-- automationBlogSpot.HandlingDynamicTable -->
